2022-07-17 17:00:16.328257 NOTE: Lancement du programme. 
2022-07-17 17:00:16.330616 ERROR: Unable to load parameter. 
2022-07-17 17:02:47.164355 NOTE: Lancement du programme. 
2022-07-17 17:03:09.328818 NOTE: Lancement du programme. 
2022-07-17 17:03:49.497484 NOTE: Lancement du programme. 
2022-07-17 17:07:34.933163 NOTE: Lancement du programme. 
2022-07-17 17:07:34.935260 ERROR: Unable to load parameter. 
2022-07-17 17:07:55.580719 NOTE: Lancement du programme. 
2022-07-17 17:08:17.605103 NOTE: Lancement du programme. 
2022-07-17 17:10:09.677240 NOTE: Lancement du programme. 
2022-07-17 17:10:28.666343 NOTE: Lancement du programme. 
2022-07-17 17:10:28.676307 ERROR: Unable to descrypt password. 
2022-07-17 17:13:16.053768 NOTE: Lancement du programme. 
2022-07-17 17:13:16.056197 NOTE: Password decrypted. 
2022-07-17 17:14:20.837538 NOTE: Lancement du programme. 
2022-07-17 17:14:20.840176 NOTE: Password decrypted. 
2022-07-17 17:14:20.840206 ERROR: name 'pyodbc' is not defined
2022-07-17 17:14:20.840214 ERROR: Impossible d'établir une connexion à la base SQL Server.
2022-07-17 17:14:31.844729 NOTE: Lancement du programme. 
2022-07-17 17:14:31.845198 NOTE: Password decrypted. 
2022-07-17 17:14:31.845217 ERROR: name 'pyodbc' is not defined
2022-07-17 17:14:31.845222 ERROR: Impossible d'établir une connexion à la base SQL Server.
2022-07-17 17:19:37.164942 NOTE: Lancement du programme. 
2022-07-17 17:19:37.165149 ERROR: Unable to load parameter. 
2022-07-17 17:21:52.375008 NOTE: Lancement du programme. 
2022-07-17 17:21:52.377808 NOTE: Password decrypted. 
2022-07-17 17:27:35.534111 NOTE: Lancement du programme. 
2022-07-17 17:27:35.536495 NOTE: Password decrypted. 
2022-07-17 20:38:53.466107 NOTE: Lancement du programme. 
2022-07-17 20:38:53.468534 NOTE: Password decrypted. 
2022-07-17 20:43:51.999190 NOTE: Lancement du programme. 
2022-07-17 20:43:52.004116 NOTE: Password decrypted. 
2022-07-17 20:51:19.973756 NOTE: Lancement du programme. 
2022-07-17 20:51:19.975994 NOTE: Password decrypted. 
2022-07-17 20:53:21.877004 NOTE: Lancement du programme. 
2022-07-17 20:53:21.879327 NOTE: Password decrypted. 
2022-07-17 20:54:04.538894 NOTE: Lancement du programme. 
2022-07-17 20:54:04.541055 NOTE: Password decrypted. 
2022-07-17 20:57:42.738206 NOTE: Lancement du programme. 
2022-07-17 20:57:42.740445 NOTE: Password decrypted. 
2022-07-17 21:00:39.294024 NOTE: Lancement du programme. 
2022-07-17 21:00:39.298644 NOTE: Password decrypted. 
2022-07-17 21:03:39.404532 NOTE: Lancement du programme. 
2022-07-17 21:03:39.407207 NOTE: Password decrypted. 
2022-07-17 21:05:53.006867 NOTE: Lancement du programme. 
2022-07-17 21:05:53.009332 NOTE: Password decrypted. 
2022-07-17 21:45:38.533963 NOTE: Lancement du programme. 
2022-07-17 21:45:38.537854 NOTE: Password decrypted. 
2022-07-17 21:48:16.276590 NOTE: Lancement du programme. 
2022-07-17 21:48:16.278856 NOTE: Password decrypted. 
2022-07-17 21:49:10.801817 NOTE: Lancement du programme. 
2022-07-17 21:49:10.803961 NOTE: Password decrypted. 
2022-07-17 21:56:22.314700 NOTE: Lancement du programme. 
2022-07-17 21:56:22.316993 NOTE: Password decrypted. 
2022-07-17 21:57:03.710837 NOTE: Lancement du programme. 
2022-07-17 21:57:03.713288 NOTE: Password decrypted. 
2022-07-17 21:57:51.142539 NOTE: Lancement du programme. 
2022-07-17 21:57:51.145055 NOTE: Password decrypted. 
2022-07-17 21:58:48.297558 NOTE: Lancement du programme. 
2022-07-17 21:58:48.301258 NOTE: Password decrypted. 
2022-07-17 22:07:47.372830 NOTE: Lancement du programme. 
2022-07-17 22:07:47.375093 NOTE: Password decrypted. 
